0 info it worked if it ends with ok
1 verbose cli [ 'C:\\Program Files\\nodejs\\node.exe',
1 verbose cli   'C:\\Program Files\\nodejs\\node_modules\\npm\\bin\\npm-cli.js',
1 verbose cli   'start' ]
2 info using npm@3.3.12
3 info using node@v5.1.0
4 verbose run-script [ 'prestart', 'start', 'poststart' ]
5 info lifecycle angular2-workshop-forms@0.1.1~prestart: angular2-workshop-forms@0.1.1
6 silly lifecycle angular2-workshop-forms@0.1.1~prestart: no script for prestart, continuing
7 info lifecycle angular2-workshop-forms@0.1.1~start: angular2-workshop-forms@0.1.1
8 verbose lifecycle angular2-workshop-forms@0.1.1~start: unsafe-perm in lifecycle true
9 verbose lifecycle angular2-workshop-forms@0.1.1~start: PATH: C:\Program Files\nodejs\node_modules\npm\bin\node-gyp-bin;C:\kod\Angular2Workshop\Angular2Workshop\forms\node_modules\.bin;C:\WINDOWS\system32;C:\WINDOWS;C:\WINDOWS\System32\Wbem;C:\WINDOWS\System32\WindowsPowerShell\v1.0\;C:\Program Files (x86)\Windows Kits\8.1\Windows Performance Toolkit\;C:\Program Files\Microsoft SQL Server\110\Tools\Binn\;C:\Program Files\Microsoft SQL Server\120\Tools\Binn\;C:\Program Files\Microsoft\Web Platform Installer\;C:\Program Files (x86)\Git\bin\;C:\Program Files\nodejs\;C:\Program Files (x86)\Skype\Phone\;C:\Users\Magnus\AppData\Roaming\npm\node_modules\typescript\bin\tsc;C:\Program Files\Git\cmd;C:\Program Files (x86)\Microsoft SDKs\Azure\CLI\wbin;C:\Program Files\Microsoft SQL Server\130\Tools\Binn\;C:\Users\Magnus\.dnx\bin;C:\windows\system32;C:\windows;C:\windows\System32\Wbem;C:\windows\System32\WindowsPowerShell\v1.0\;C:\Program Files (x86)\Windows Kits\8.1\Windows Performance Toolkit\;C:\Program Files\Microsoft SQL Server\110\Tools\Binn\;C:\Program Files\Microsoft SQL Server\120\Tools\Binn\;C:\Program Files\nodejs\;C:\Program Files\Microsoft\Web Platform Installer\;C:\Program Files\MongoDB 2.6 Standard\bin\;C:\Users\Magnus\AppData\Roaming\npm;C:\Program Files (x86)\Microsoft VS Code\bin;C:\Users\Magnus\AppData\Roaming\npm\node_modules\typescript\bin\tsc;%USERPROFILE%\AppData\Local\Microsoft\WindowsApps;
10 verbose lifecycle angular2-workshop-forms@0.1.1~start: CWD: C:\kod\Angular2Workshop\Angular2Workshop\forms
11 silly lifecycle angular2-workshop-forms@0.1.1~start: Args: [ '/d /s /c', 'tsc && concurrently "tsc -w" "lite-server" ' ]
12 silly lifecycle angular2-workshop-forms@0.1.1~start: Returned: code: 2  signal: null
13 info lifecycle angular2-workshop-forms@0.1.1~start: Failed to exec start script
14 verbose stack Error: angular2-workshop-forms@0.1.1 start: `tsc && concurrently "tsc -w" "lite-server" `
14 verbose stack Exit status 2
14 verbose stack     at EventEmitter.<anonymous> (C:\Program Files\nodejs\node_modules\npm\lib\utils\lifecycle.js:232:16)
14 verbose stack     at emitTwo (events.js:87:13)
14 verbose stack     at EventEmitter.emit (events.js:172:7)
14 verbose stack     at ChildProcess.<anonymous> (C:\Program Files\nodejs\node_modules\npm\lib\utils\spawn.js:24:14)
14 verbose stack     at emitTwo (events.js:87:13)
14 verbose stack     at ChildProcess.emit (events.js:172:7)
14 verbose stack     at maybeClose (internal/child_process.js:818:16)
14 verbose stack     at Process.ChildProcess._handle.onexit (internal/child_process.js:211:5)
15 verbose pkgid angular2-workshop-forms@0.1.1
16 verbose cwd C:\kod\Angular2Workshop\Angular2Workshop\forms
17 error Windows_NT 10.0.14393
18 error argv "C:\\Program Files\\nodejs\\node.exe" "C:\\Program Files\\nodejs\\node_modules\\npm\\bin\\npm-cli.js" "start"
19 error node v5.1.0
20 error npm  v3.3.12
21 error code ELIFECYCLE
22 error angular2-workshop-forms@0.1.1 start: `tsc && concurrently "tsc -w" "lite-server" `
22 error Exit status 2
23 error Failed at the angular2-workshop-forms@0.1.1 start script 'tsc && concurrently "tsc -w" "lite-server" '.
23 error Make sure you have the latest version of node.js and npm installed.
23 error If you do, this is most likely a problem with the angular2-workshop-forms package,
23 error not with npm itself.
23 error Tell the author that this fails on your system:
23 error     tsc && concurrently "tsc -w" "lite-server"
23 error You can get their info via:
23 error     npm owner ls angular2-workshop-forms
23 error There is likely additional logging output above.
24 verbose exit [ 1, true ]
